<?xml version="1.0" encoding="UTF-8"?>
<!-- Generated by org.testng.reporters.JUnitXMLReporter -->
<testsuite ignored="4" hostname="DESKTOP-C7IQGVT" failures="0" tests="1" name="Chrome1_Test" time="244.709" errors="0" timestamp="2023-03-06T22:03:31 IST">
  <testcase classname="TestNG_MultiBrowserTesting_CT.CompatibiltyTesting" name="NewCustomer" time="111.278"/>
  <testcase classname="TestNG_MultiBrowserTesting_CT.CompatibiltyTesting" name="Deposit" time="0.0">
    <ignored/>
  </testcase> <!-- Deposit -->
  <testcase classname="TestNG_MultiBrowserTesting_CT.CompatibiltyTesting" name="NewAccount" time="0.0">
    <ignored/>
  </testcase> <!-- NewAccount -->
  <testcase classname="TestNG_MultiBrowserTesting_CT.CompatibiltyTesting" name="CustomisedStatement" time="0.0">
    <ignored/>
  </testcase> <!-- CustomisedStatement -->
  <testcase classname="TestNG_MultiBrowserTesting_CT.CompatibiltyTesting" name="EditCustomer" time="0.0">
    <ignored/>
  </testcase> <!-- EditCustomer -->
</testsuite> <!-- Chrome1_Test -->
