<?xml version="1.0" encoding="UTF-8"?>
<!-- Generated by org.testng.reporters.JUnitXMLReporter -->
<testsuite ignored="0" hostname="DESKTOP-C7IQGVT" failures="0" tests="8" name="Test_Firefox" time="579.826" errors="0" timestamp="2023-03-11T22:55:07 IST">
  <testcase classname="Guru99_BaseClass.Base_Class" name="@BeforeMethod initialize" time="71.483">
    <failure type="org.openqa.selenium.TimeoutException" message="TimedPromise timed out after 50000 ms
Build info: version: &amp;apos;4.6.0&amp;apos;, revision: &amp;apos;79f1c02ae20&amp;apos;
System info: os.name: &amp;apos;Windows 11&amp;apos;, os.arch: &amp;apos;amd64&amp;apos;, os.version: &amp;apos;10.0&amp;apos;, java.version: &amp;apos;17.0.2&amp;apos;
Driver info: org.openqa.selenium.firefox.FirefoxDriver
Command: [41e5583d-ba49-4cb4-82b5-ae8c1bce58b0, get {url=https://demo.guru99.com/v4/index.php}]
Capabilities {acceptInsecureCerts: true, browserName: firefox, browserVersion: 110.0.1, moz:accessibilityChecks: false, moz:buildID: 20230227191043, moz:debuggerAddress: 127.0.0.1:36617, moz:geckodriverVersion: 0.32.0, moz:headless: false, moz:platformVersion: 10.0, moz:processID: 18708, moz:profile: C:\Users\TEJASH~1\AppData\L..., moz:shutdownTimeout: 60000, moz:useNonSpecCompliantPointerOrigin: false, moz:webdriverClick: true, moz:windowless: false, pageLoadStrategy: normal, platformName: WINDOWS, proxy: Proxy(), se:cdp: ws://127.0.0.1:36617/devtoo..., se:cdpVersion: 85.0, setWindowRect: true, strictFileInteractability: false, timeouts: {implicit: 0, pageLoad: 300000, script: 30000}, unhandledPromptBehavior: dismiss and notify}
Session ID: 41e5583d-ba49-4cb4-82b5-ae8c1bce58b0">
      <![CDATA[org.openqa.selenium.TimeoutException: TimedPromise timed out after 50000 ms
Build info: version: '4.6.0', revision: '79f1c02ae20'
System info: os.name: 'Windows 11', os.arch: 'amd64', os.version: '10.0', java.version: '17.0.2'
Driver info: org.openqa.selenium.firefox.FirefoxDriver
Command: [41e5583d-ba49-4cb4-82b5-ae8c1bce58b0, get {url=https://demo.guru99.com/v4/index.php}]
Capabilities {acceptInsecureCerts: true, browserName: firefox, browserVersion: 110.0.1, moz:accessibilityChecks: false, moz:buildID: 20230227191043, moz:debuggerAddress: 127.0.0.1:36617, moz:geckodriverVersion: 0.32.0, moz:headless: false, moz:platformVersion: 10.0, moz:processID: 18708, moz:profile: C:\Users\TEJASH~1\AppData\L..., moz:shutdownTimeout: 60000, moz:useNonSpecCompliantPointerOrigin: false, moz:webdriverClick: true, moz:windowless: false, pageLoadStrategy: normal, platformName: WINDOWS, proxy: Proxy(), se:cdp: ws://127.0.0.1:36617/devtoo..., se:cdpVersion: 85.0, setWindowRect: true, strictFileInteractability: false, timeouts: {implicit: 0, pageLoad: 300000, script: 30000}, unhandledPromptBehavior: dismiss and notify}
Session ID: 41e5583d-ba49-4cb4-82b5-ae8c1bce58b0
at org.openqa.selenium.remote.codec.w3c.W3CHttpResponseCodec.createException(W3CHttpResponseCodec.java:200)
at org.openqa.selenium.remote.codec.w3c.W3CHttpResponseCodec.decode(W3CHttpResponseCodec.java:133)
at org.openqa.selenium.remote.codec.w3c.W3CHttpResponseCodec.decode(W3CHttpResponseCodec.java:53)
at org.openqa.selenium.remote.HttpCommandExecutor.execute(HttpCommandExecutor.java:184)
at org.openqa.selenium.remote.service.DriverCommandExecutor.invokeExecute(DriverCommandExecutor.java:167)
at org.openqa.selenium.remote.service.DriverCommandExecutor.execute(DriverCommandExecutor.java:142)
at org.openqa.selenium.remote.RemoteWebDriver.execute(RemoteWebDriver.java:541)
at org.openqa.selenium.remote.RemoteWebDriver.get(RemoteWebDriver.java:310)
at Guru99_BaseClass.Base_Class.initialize(Base_Class.java:67)
at java.base/java.util.ArrayList.forEach(ArrayList.java:1511)
... Removed 36 stack frames]]>
    </failure>
  </testcase> <!-- @BeforeMethod initialize -->
  <testcase classname="Guru99_BaseClass.Base_Class" name="@AfterMethod shutdown" time="-1.67855499944E9">
    <skipped/>
  </testcase> <!-- @AfterMethod shutdown -->
  <testcase classname="Guru99_BaseClass.Base_Class" name="@BeforeMethod initialize" time="61.998">
    <failure type="org.openqa.selenium.TimeoutException" message="TimedPromise timed out after 50000 ms
Build info: version: &amp;apos;4.6.0&amp;apos;, revision: &amp;apos;79f1c02ae20&amp;apos;
System info: os.name: &amp;apos;Windows 11&amp;apos;, os.arch: &amp;apos;amd64&amp;apos;, os.version: &amp;apos;10.0&amp;apos;, java.version: &amp;apos;17.0.2&amp;apos;
Driver info: org.openqa.selenium.firefox.FirefoxDriver
Command: [039a0e29-988a-424e-9c88-96eddffbe89d, get {url=https://demo.guru99.com/v4/index.php}]
Capabilities {acceptInsecureCerts: true, browserName: firefox, browserVersion: 110.0.1, moz:accessibilityChecks: false, moz:buildID: 20230227191043, moz:debuggerAddress: 127.0.0.1:24721, moz:geckodriverVersion: 0.32.0, moz:headless: false, moz:platformVersion: 10.0, moz:processID: 16584, moz:profile: C:\Users\TEJASH~1\AppData\L..., moz:shutdownTimeout: 60000, moz:useNonSpecCompliantPointerOrigin: false, moz:webdriverClick: true, moz:windowless: false, pageLoadStrategy: normal, platformName: WINDOWS, proxy: Proxy(), se:cdp: ws://127.0.0.1:24721/devtoo..., se:cdpVersion: 85.0, setWindowRect: true, strictFileInteractability: false, timeouts: {implicit: 0, pageLoad: 300000, script: 30000}, unhandledPromptBehavior: dismiss and notify}
Session ID: 039a0e29-988a-424e-9c88-96eddffbe89d">
      <![CDATA[org.openqa.selenium.TimeoutException: TimedPromise timed out after 50000 ms
Build info: version: '4.6.0', revision: '79f1c02ae20'
System info: os.name: 'Windows 11', os.arch: 'amd64', os.version: '10.0', java.version: '17.0.2'
Driver info: org.openqa.selenium.firefox.FirefoxDriver
Command: [039a0e29-988a-424e-9c88-96eddffbe89d, get {url=https://demo.guru99.com/v4/index.php}]
Capabilities {acceptInsecureCerts: true, browserName: firefox, browserVersion: 110.0.1, moz:accessibilityChecks: false, moz:buildID: 20230227191043, moz:debuggerAddress: 127.0.0.1:24721, moz:geckodriverVersion: 0.32.0, moz:headless: false, moz:platformVersion: 10.0, moz:processID: 16584, moz:profile: C:\Users\TEJASH~1\AppData\L..., moz:shutdownTimeout: 60000, moz:useNonSpecCompliantPointerOrigin: false, moz:webdriverClick: true, moz:windowless: false, pageLoadStrategy: normal, platformName: WINDOWS, proxy: Proxy(), se:cdp: ws://127.0.0.1:24721/devtoo..., se:cdpVersion: 85.0, setWindowRect: true, strictFileInteractability: false, timeouts: {implicit: 0, pageLoad: 300000, script: 30000}, unhandledPromptBehavior: dismiss and notify}
Session ID: 039a0e29-988a-424e-9c88-96eddffbe89d
at org.openqa.selenium.remote.codec.w3c.W3CHttpResponseCodec.createException(W3CHttpResponseCodec.java:200)
at org.openqa.selenium.remote.codec.w3c.W3CHttpResponseCodec.decode(W3CHttpResponseCodec.java:133)
at org.openqa.selenium.remote.codec.w3c.W3CHttpResponseCodec.decode(W3CHttpResponseCodec.java:53)
at org.openqa.selenium.remote.HttpCommandExecutor.execute(HttpCommandExecutor.java:184)
at org.openqa.selenium.remote.service.DriverCommandExecutor.invokeExecute(DriverCommandExecutor.java:167)
at org.openqa.selenium.remote.service.DriverCommandExecutor.execute(DriverCommandExecutor.java:142)
at org.openqa.selenium.remote.RemoteWebDriver.execute(RemoteWebDriver.java:541)
at org.openqa.selenium.remote.RemoteWebDriver.get(RemoteWebDriver.java:310)
at Guru99_BaseClass.Base_Class.initialize(Base_Class.java:67)
at java.base/java.util.ArrayList.forEach(ArrayList.java:1511)
... Removed 36 stack frames]]>
    </failure>
  </testcase> <!-- @BeforeMethod initialize -->
  <testcase classname="Guru99_BaseClass.Base_Class" name="@AfterMethod shutdown" time="-1.678555061462E9">
    <skipped/>
  </testcase> <!-- @AfterMethod shutdown -->
  <testcase classname="Guru99_BaseClass.Base_Class" name="@BeforeMethod initialize" time="61.055">
    <failure type="org.openqa.selenium.TimeoutException" message="TimedPromise timed out after 50000 ms
Build info: version: &amp;apos;4.6.0&amp;apos;, revision: &amp;apos;79f1c02ae20&amp;apos;
System info: os.name: &amp;apos;Windows 11&amp;apos;, os.arch: &amp;apos;amd64&amp;apos;, os.version: &amp;apos;10.0&amp;apos;, java.version: &amp;apos;17.0.2&amp;apos;
Driver info: org.openqa.selenium.firefox.FirefoxDriver
Command: [0e0c00c7-a4f8-4b64-be72-5624722f8fc3, get {url=https://demo.guru99.com/v4/index.php}]
Capabilities {acceptInsecureCerts: true, browserName: firefox, browserVersion: 110.0.1, moz:accessibilityChecks: false, moz:buildID: 20230227191043, moz:debuggerAddress: 127.0.0.1:7523, moz:geckodriverVersion: 0.32.0, moz:headless: false, moz:platformVersion: 10.0, moz:processID: 17376, moz:profile: C:\Users\TEJASH~1\AppData\L..., moz:shutdownTimeout: 60000, moz:useNonSpecCompliantPointerOrigin: false, moz:webdriverClick: true, moz:windowless: false, pageLoadStrategy: normal, platformName: WINDOWS, proxy: Proxy(), se:cdp: ws://127.0.0.1:7523/devtool..., se:cdpVersion: 85.0, setWindowRect: true, strictFileInteractability: false, timeouts: {implicit: 0, pageLoad: 300000, script: 30000}, unhandledPromptBehavior: dismiss and notify}
Session ID: 0e0c00c7-a4f8-4b64-be72-5624722f8fc3">
      <![CDATA[org.openqa.selenium.TimeoutException: TimedPromise timed out after 50000 ms
Build info: version: '4.6.0', revision: '79f1c02ae20'
System info: os.name: 'Windows 11', os.arch: 'amd64', os.version: '10.0', java.version: '17.0.2'
Driver info: org.openqa.selenium.firefox.FirefoxDriver
Command: [0e0c00c7-a4f8-4b64-be72-5624722f8fc3, get {url=https://demo.guru99.com/v4/index.php}]
Capabilities {acceptInsecureCerts: true, browserName: firefox, browserVersion: 110.0.1, moz:accessibilityChecks: false, moz:buildID: 20230227191043, moz:debuggerAddress: 127.0.0.1:7523, moz:geckodriverVersion: 0.32.0, moz:headless: false, moz:platformVersion: 10.0, moz:processID: 17376, moz:profile: C:\Users\TEJASH~1\AppData\L..., moz:shutdownTimeout: 60000, moz:useNonSpecCompliantPointerOrigin: false, moz:webdriverClick: true, moz:windowless: false, pageLoadStrategy: normal, platformName: WINDOWS, proxy: Proxy(), se:cdp: ws://127.0.0.1:7523/devtool..., se:cdpVersion: 85.0, setWindowRect: true, strictFileInteractability: false, timeouts: {implicit: 0, pageLoad: 300000, script: 30000}, unhandledPromptBehavior: dismiss and notify}
Session ID: 0e0c00c7-a4f8-4b64-be72-5624722f8fc3
at org.openqa.selenium.remote.codec.w3c.W3CHttpResponseCodec.createException(W3CHttpResponseCodec.java:200)
at org.openqa.selenium.remote.codec.w3c.W3CHttpResponseCodec.decode(W3CHttpResponseCodec.java:133)
at org.openqa.selenium.remote.codec.w3c.W3CHttpResponseCodec.decode(W3CHttpResponseCodec.java:53)
at org.openqa.selenium.remote.HttpCommandExecutor.execute(HttpCommandExecutor.java:184)
at org.openqa.selenium.remote.service.DriverCommandExecutor.invokeExecute(DriverCommandExecutor.java:167)
at org.openqa.selenium.remote.service.DriverCommandExecutor.execute(DriverCommandExecutor.java:142)
at org.openqa.selenium.remote.RemoteWebDriver.execute(RemoteWebDriver.java:541)
at org.openqa.selenium.remote.RemoteWebDriver.get(RemoteWebDriver.java:310)
at Guru99_BaseClass.Base_Class.initialize(Base_Class.java:67)
at java.base/java.util.ArrayList.forEach(ArrayList.java:1511)
... Removed 36 stack frames]]>
    </failure>
  </testcase> <!-- @BeforeMethod initialize -->
  <testcase classname="Guru99_BaseClass.Base_Class" name="@AfterMethod shutdown" time="-1.678555122547E9">
    <skipped/>
  </testcase> <!-- @AfterMethod shutdown -->
  <testcase classname="Guru99_BaseClass.Base_Class" name="@BeforeMethod initialize" time="60.076">
    <failure type="org.openqa.selenium.TimeoutException" message="TimedPromise timed out after 50000 ms
Build info: version: &amp;apos;4.6.0&amp;apos;, revision: &amp;apos;79f1c02ae20&amp;apos;
System info: os.name: &amp;apos;Windows 11&amp;apos;, os.arch: &amp;apos;amd64&amp;apos;, os.version: &amp;apos;10.0&amp;apos;, java.version: &amp;apos;17.0.2&amp;apos;
Driver info: org.openqa.selenium.firefox.FirefoxDriver
Command: [3f5978c3-37c0-4f45-a473-cdd7f500f425, get {url=https://demo.guru99.com/v4/index.php}]
Capabilities {acceptInsecureCerts: true, browserName: firefox, browserVersion: 110.0.1, moz:accessibilityChecks: false, moz:buildID: 20230227191043, moz:debuggerAddress: 127.0.0.1:9124, moz:geckodriverVersion: 0.32.0, moz:headless: false, moz:platformVersion: 10.0, moz:processID: 16892, moz:profile: C:\Users\TEJASH~1\AppData\L..., moz:shutdownTimeout: 60000, moz:useNonSpecCompliantPointerOrigin: false, moz:webdriverClick: true, moz:windowless: false, pageLoadStrategy: normal, platformName: WINDOWS, proxy: Proxy(), se:cdp: ws://127.0.0.1:9124/devtool..., se:cdpVersion: 85.0, setWindowRect: true, strictFileInteractability: false, timeouts: {implicit: 0, pageLoad: 300000, script: 30000}, unhandledPromptBehavior: dismiss and notify}
Session ID: 3f5978c3-37c0-4f45-a473-cdd7f500f425">
      <![CDATA[org.openqa.selenium.TimeoutException: TimedPromise timed out after 50000 ms
Build info: version: '4.6.0', revision: '79f1c02ae20'
System info: os.name: 'Windows 11', os.arch: 'amd64', os.version: '10.0', java.version: '17.0.2'
Driver info: org.openqa.selenium.firefox.FirefoxDriver
Command: [3f5978c3-37c0-4f45-a473-cdd7f500f425, get {url=https://demo.guru99.com/v4/index.php}]
Capabilities {acceptInsecureCerts: true, browserName: firefox, browserVersion: 110.0.1, moz:accessibilityChecks: false, moz:buildID: 20230227191043, moz:debuggerAddress: 127.0.0.1:9124, moz:geckodriverVersion: 0.32.0, moz:headless: false, moz:platformVersion: 10.0, moz:processID: 16892, moz:profile: C:\Users\TEJASH~1\AppData\L..., moz:shutdownTimeout: 60000, moz:useNonSpecCompliantPointerOrigin: false, moz:webdriverClick: true, moz:windowless: false, pageLoadStrategy: normal, platformName: WINDOWS, proxy: Proxy(), se:cdp: ws://127.0.0.1:9124/devtool..., se:cdpVersion: 85.0, setWindowRect: true, strictFileInteractability: false, timeouts: {implicit: 0, pageLoad: 300000, script: 30000}, unhandledPromptBehavior: dismiss and notify}
Session ID: 3f5978c3-37c0-4f45-a473-cdd7f500f425
at org.openqa.selenium.remote.codec.w3c.W3CHttpResponseCodec.createException(W3CHttpResponseCodec.java:200)
at org.openqa.selenium.remote.codec.w3c.W3CHttpResponseCodec.decode(W3CHttpResponseCodec.java:133)
at org.openqa.selenium.remote.codec.w3c.W3CHttpResponseCodec.decode(W3CHttpResponseCodec.java:53)
at org.openqa.selenium.remote.HttpCommandExecutor.execute(HttpCommandExecutor.java:184)
at org.openqa.selenium.remote.service.DriverCommandExecutor.invokeExecute(DriverCommandExecutor.java:167)
at org.openqa.selenium.remote.service.DriverCommandExecutor.execute(DriverCommandExecutor.java:142)
at org.openqa.selenium.remote.RemoteWebDriver.execute(RemoteWebDriver.java:541)
at org.openqa.selenium.remote.RemoteWebDriver.get(RemoteWebDriver.java:310)
at Guru99_BaseClass.Base_Class.initialize(Base_Class.java:67)
at java.base/java.util.ArrayList.forEach(ArrayList.java:1511)
... Removed 36 stack frames]]>
    </failure>
  </testcase> <!-- @BeforeMethod initialize -->
  <testcase classname="Guru99_BaseClass.Base_Class" name="@AfterMethod shutdown" time="-1.678555182648E9">
    <skipped/>
  </testcase> <!-- @AfterMethod shutdown -->
  <testcase classname="Guru99_BaseClass.Base_Class" name="@BeforeMethod initialize" time="60.398">
    <failure type="org.openqa.selenium.TimeoutException" message="TimedPromise timed out after 50000 ms
Build info: version: &amp;apos;4.6.0&amp;apos;, revision: &amp;apos;79f1c02ae20&amp;apos;
System info: os.name: &amp;apos;Windows 11&amp;apos;, os.arch: &amp;apos;amd64&amp;apos;, os.version: &amp;apos;10.0&amp;apos;, java.version: &amp;apos;17.0.2&amp;apos;
Driver info: org.openqa.selenium.firefox.FirefoxDriver
Command: [da2a95cf-5061-4e2d-bc95-2470fe0baea5, get {url=https://demo.guru99.com/v4/index.php}]
Capabilities {acceptInsecureCerts: true, browserName: firefox, browserVersion: 110.0.1, moz:accessibilityChecks: false, moz:buildID: 20230227191043, moz:debuggerAddress: 127.0.0.1:26829, moz:geckodriverVersion: 0.32.0, moz:headless: false, moz:platformVersion: 10.0, moz:processID: 20004, moz:profile: C:\Users\TEJASH~1\AppData\L..., moz:shutdownTimeout: 60000, moz:useNonSpecCompliantPointerOrigin: false, moz:webdriverClick: true, moz:windowless: false, pageLoadStrategy: normal, platformName: WINDOWS, proxy: Proxy(), se:cdp: ws://127.0.0.1:26829/devtoo..., se:cdpVersion: 85.0, setWindowRect: true, strictFileInteractability: false, timeouts: {implicit: 0, pageLoad: 300000, script: 30000}, unhandledPromptBehavior: dismiss and notify}
Session ID: da2a95cf-5061-4e2d-bc95-2470fe0baea5">
      <![CDATA[org.openqa.selenium.TimeoutException: TimedPromise timed out after 50000 ms
Build info: version: '4.6.0', revision: '79f1c02ae20'
System info: os.name: 'Windows 11', os.arch: 'amd64', os.version: '10.0', java.version: '17.0.2'
Driver info: org.openqa.selenium.firefox.FirefoxDriver
Command: [da2a95cf-5061-4e2d-bc95-2470fe0baea5, get {url=https://demo.guru99.com/v4/index.php}]
Capabilities {acceptInsecureCerts: true, browserName: firefox, browserVersion: 110.0.1, moz:accessibilityChecks: false, moz:buildID: 20230227191043, moz:debuggerAddress: 127.0.0.1:26829, moz:geckodriverVersion: 0.32.0, moz:headless: false, moz:platformVersion: 10.0, moz:processID: 20004, moz:profile: C:\Users\TEJASH~1\AppData\L..., moz:shutdownTimeout: 60000, moz:useNonSpecCompliantPointerOrigin: false, moz:webdriverClick: true, moz:windowless: false, pageLoadStrategy: normal, platformName: WINDOWS, proxy: Proxy(), se:cdp: ws://127.0.0.1:26829/devtoo..., se:cdpVersion: 85.0, setWindowRect: true, strictFileInteractability: false, timeouts: {implicit: 0, pageLoad: 300000, script: 30000}, unhandledPromptBehavior: dismiss and notify}
Session ID: da2a95cf-5061-4e2d-bc95-2470fe0baea5
at org.openqa.selenium.remote.codec.w3c.W3CHttpResponseCodec.createException(W3CHttpResponseCodec.java:200)
at org.openqa.selenium.remote.codec.w3c.W3CHttpResponseCodec.decode(W3CHttpResponseCodec.java:133)
at org.openqa.selenium.remote.codec.w3c.W3CHttpResponseCodec.decode(W3CHttpResponseCodec.java:53)
at org.openqa.selenium.remote.HttpCommandExecutor.execute(HttpCommandExecutor.java:184)
at org.openqa.selenium.remote.service.DriverCommandExecutor.invokeExecute(DriverCommandExecutor.java:167)
at org.openqa.selenium.remote.service.DriverCommandExecutor.execute(DriverCommandExecutor.java:142)
at org.openqa.selenium.remote.RemoteWebDriver.execute(RemoteWebDriver.java:541)
at org.openqa.selenium.remote.RemoteWebDriver.get(RemoteWebDriver.java:310)
at Guru99_BaseClass.Base_Class.initialize(Base_Class.java:67)
at java.base/java.util.ArrayList.forEach(ArrayList.java:1511)
... Removed 36 stack frames]]>
    </failure>
  </testcase> <!-- @BeforeMethod initialize -->
  <testcase classname="Guru99_BaseClass.Base_Class" name="@AfterMethod shutdown" time="-1.678555243066E9">
    <skipped/>
  </testcase> <!-- @AfterMethod shutdown -->
  <testcase classname="Guru99_BaseClass.Base_Class" name="@BeforeMethod initialize" time="61.353">
    <failure type="org.openqa.selenium.TimeoutException" message="TimedPromise timed out after 50000 ms
Build info: version: &amp;apos;4.6.0&amp;apos;, revision: &amp;apos;79f1c02ae20&amp;apos;
System info: os.name: &amp;apos;Windows 11&amp;apos;, os.arch: &amp;apos;amd64&amp;apos;, os.version: &amp;apos;10.0&amp;apos;, java.version: &amp;apos;17.0.2&amp;apos;
Driver info: org.openqa.selenium.firefox.FirefoxDriver
Command: [999be975-f663-46be-a1b0-d4e506c32882, get {url=https://demo.guru99.com/v4/index.php}]
Capabilities {acceptInsecureCerts: true, browserName: firefox, browserVersion: 110.0.1, moz:accessibilityChecks: false, moz:buildID: 20230227191043, moz:debuggerAddress: 127.0.0.1:17761, moz:geckodriverVersion: 0.32.0, moz:headless: false, moz:platformVersion: 10.0, moz:processID: 21440, moz:profile: C:\Users\TEJASH~1\AppData\L..., moz:shutdownTimeout: 60000, moz:useNonSpecCompliantPointerOrigin: false, moz:webdriverClick: true, moz:windowless: false, pageLoadStrategy: normal, platformName: WINDOWS, proxy: Proxy(), se:cdp: ws://127.0.0.1:17761/devtoo..., se:cdpVersion: 85.0, setWindowRect: true, strictFileInteractability: false, timeouts: {implicit: 0, pageLoad: 300000, script: 30000}, unhandledPromptBehavior: dismiss and notify}
Session ID: 999be975-f663-46be-a1b0-d4e506c32882">
      <![CDATA[org.openqa.selenium.TimeoutException: TimedPromise timed out after 50000 ms
Build info: version: '4.6.0', revision: '79f1c02ae20'
System info: os.name: 'Windows 11', os.arch: 'amd64', os.version: '10.0', java.version: '17.0.2'
Driver info: org.openqa.selenium.firefox.FirefoxDriver
Command: [999be975-f663-46be-a1b0-d4e506c32882, get {url=https://demo.guru99.com/v4/index.php}]
Capabilities {acceptInsecureCerts: true, browserName: firefox, browserVersion: 110.0.1, moz:accessibilityChecks: false, moz:buildID: 20230227191043, moz:debuggerAddress: 127.0.0.1:17761, moz:geckodriverVersion: 0.32.0, moz:headless: false, moz:platformVersion: 10.0, moz:processID: 21440, moz:profile: C:\Users\TEJASH~1\AppData\L..., moz:shutdownTimeout: 60000, moz:useNonSpecCompliantPointerOrigin: false, moz:webdriverClick: true, moz:windowless: false, pageLoadStrategy: normal, platformName: WINDOWS, proxy: Proxy(), se:cdp: ws://127.0.0.1:17761/devtoo..., se:cdpVersion: 85.0, setWindowRect: true, strictFileInteractability: false, timeouts: {implicit: 0, pageLoad: 300000, script: 30000}, unhandledPromptBehavior: dismiss and notify}
Session ID: 999be975-f663-46be-a1b0-d4e506c32882
at org.openqa.selenium.remote.codec.w3c.W3CHttpResponseCodec.createException(W3CHttpResponseCodec.java:200)
at org.openqa.selenium.remote.codec.w3c.W3CHttpResponseCodec.decode(W3CHttpResponseCodec.java:133)
at org.openqa.selenium.remote.codec.w3c.W3CHttpResponseCodec.decode(W3CHttpResponseCodec.java:53)
at org.openqa.selenium.remote.HttpCommandExecutor.execute(HttpCommandExecutor.java:184)
at org.openqa.selenium.remote.service.DriverCommandExecutor.invokeExecute(DriverCommandExecutor.java:167)
at org.openqa.selenium.remote.service.DriverCommandExecutor.execute(DriverCommandExecutor.java:142)
at org.openqa.selenium.remote.RemoteWebDriver.execute(RemoteWebDriver.java:541)
at org.openqa.selenium.remote.RemoteWebDriver.get(RemoteWebDriver.java:310)
at Guru99_BaseClass.Base_Class.initialize(Base_Class.java:67)
at java.base/java.util.ArrayList.forEach(ArrayList.java:1511)
... Removed 36 stack frames]]>
    </failure>
  </testcase> <!-- @BeforeMethod initialize -->
  <testcase classname="Guru99_BaseClass.Base_Class" name="@AfterMethod shutdown" time="-1.678555304444E9">
    <skipped/>
  </testcase> <!-- @AfterMethod shutdown -->
  <testcase classname="Guru99_TestCases.TC_DeleteCustomer" name="DeleteCustomerTest" time="0.0">
    <skipped/>
  </testcase> <!-- DeleteCustomerTest -->
  <testcase classname="Guru99_TestCases.TC_LoginPage" name="LoginTest" time="0.0">
    <skipped/>
  </testcase> <!-- LoginTest -->
  <testcase classname="Guru99_TestCases.TC_NewAccount" name="NewAccountTest" time="0.0">
    <skipped/>
  </testcase> <!-- NewAccountTest -->
  <testcase classname="Guru99_TestCases.TC_Withdrawal" name="WithdrawalTest" time="0.0">
    <skipped/>
  </testcase> <!-- WithdrawalTest -->
  <testcase classname="Guru99_TestCases.TC_FundTransfer" name="FundTransferTest" time="0.0">
    <skipped/>
  </testcase> <!-- FundTransferTest -->
  <testcase classname="Guru99_TestCases.TC_BalanceInquiry" name="BalanceInquiryTest" time="0.0">
    <skipped/>
  </testcase> <!-- BalanceInquiryTest -->
  <testcase classname="Guru99_TestCases.TC_EditAccount" name="EditAccountTest" time="98.973"/>
  <testcase classname="Guru99_TestCases.TC_Logout" name="LogoutTest" time="15.27"/>
</testsuite> <!-- Test_Firefox -->
