<?xml version="1.0" encoding="UTF-8"?>
<!-- Generated by org.testng.reporters.JUnitXMLReporter -->
<testsuite ignored="0" hostname="DESKTOP-C7IQGVT" failures="0" tests="8" name="Test_2" time="507.667" errors="0" timestamp="2023-03-10T15:17:56 IST">
  <testcase classname="Guru99_TestCases.TC_DeleteCustomer" name="DeleteCustomerTest" time="24.769"/>
  <testcase classname="Guru99_TestCases.TC_LoginPage" name="LoginTest" time="2.777"/>
  <testcase classname="Guru99_TestCases.TC_NewAccount" name="NewAccountTest" time="27.348"/>
  <testcase classname="Guru99_TestCases.TC_Withdrawal" name="WithdrawalTest" time="45.603"/>
  <testcase classname="Guru99_TestCases.TC_FundTransfer" name="FundTransferTest" time="65.382"/>
  <testcase classname="Guru99_TestCases.TC_BalanceInquiry" name="BalanceInquiryTest" time="23.574"/>
  <testcase classname="Guru99_TestCases.TC_EditAccount" name="EditAccountTest" time="28.021"/>
  <testcase classname="Guru99_TestCases.TC_Logout" name="LogoutTest" time="8.21"/>
</testsuite> <!-- Test_2 -->
