<?xml version="1.0" encoding="UTF-8"?>
<!-- Generated by org.testng.reporters.JUnitXMLReporter -->
<testsuite ignored="0" hostname="DESKTOP-C7IQGVT" failures="0" tests="6" name="Test_1" time="291.494" errors="0" timestamp="2023-03-10T15:09:28 IST">
  <testcase classname="Guru99_TestCases.TC_Deposit" name="DepositTest" time="11.162"/>
  <testcase classname="Guru99_TestCases.TC_DeleteAccount" name="DeleteAccountTest" time="23.513"/>
  <testcase classname="Guru99_TestCases.TC_MiniStatement" name="MiniStatementTest" time="39.193"/>
  <testcase classname="Guru99_TestCases.TC_CustomisedStatement" name="CustomisedStatementTest" time="27.567"/>
  <testcase classname="Guru99_TestCases.TC_NewCustomer" name="NewCustomerTest" time="31.228"/>
  <testcase classname="Guru99_TestCases.TC_EditCustomer" name="EditCustomerTest" time="22.132"/>
</testsuite> <!-- Test_1 -->
