<?xml version="1.0" encoding="UTF-8"?>
<!-- Generated by org.testng.reporters.JUnitXMLReporter -->
<testsuite ignored="0" hostname="DESKTOP-C7IQGVT" failures="0" tests="3" name="Test3" time="148.026" errors="0" timestamp="2023-03-06T19:16:00 IST">
  <testcase classname="ParallelTesting.ParallelTesting3" name="Module1" time="49.821"/>
  <testcase classname="ParallelTesting.ParallelTesting3" name="Module2" time="65.838"/>
  <testcase classname="ParallelTesting.ParallelTesting3" name="Module3" time="32.155"/>
</testsuite> <!-- Test3 -->
