<?xml version="1.0" encoding="UTF-8"?>
<!-- Generated by org.testng.reporters.JUnitXMLReporter -->
<testsuite ignored="0" hostname="DESKTOP-C7IQGVT" failures="0" tests="3" name="Test" time="182.587" errors="0" timestamp="2023-02-16T20:15:27 IST">
  <testcase classname="Com.internetbanking.TestCases.LoginPageTest" name="LoginTest" time="7.534"/>
  <testcase classname="Com.internetbanking.TestCases.NewCustomerTest" name="AddnewCustomer" time="43.54"/>
  <testcase classname="Com.internetbanking.TestCases.TC_AccountCreation_003" name="AddNewAccount" time="36.405"/>
</testsuite> <!-- Test -->
