<?xml version="1.0" encoding="UTF-8"?>
<!-- Generated by org.testng.reporters.JUnitXMLReporter -->
<testsuite ignored="4" hostname="DESKTOP-C7IQGVT" failures="0" tests="1" name="Test4" time="172.561" errors="0" timestamp="2023-03-06T19:11:36 IST">
  <testcase classname="TestNG_ParallelTesting.Parallel_Class_Methods" name="Deposit" time="127.783"/>
  <testcase classname="TestNG_ParallelTesting.Parallel_Class_Methods" name="NewAccount" time="0.0">
    <ignored/>
  </testcase> <!-- NewAccount -->
  <testcase classname="TestNG_ParallelTesting.Parallel_Class_Methods" name="EditCustomer" time="0.0">
    <ignored/>
  </testcase> <!-- EditCustomer -->
  <testcase classname="TestNG_ParallelTesting.Parallel_Class_Methods" name="CustomisedStatement" time="0.0">
    <ignored/>
  </testcase> <!-- CustomisedStatement -->
  <testcase classname="TestNG_ParallelTesting.Parallel_Class_Methods" name="NewCustomer" time="0.0">
    <ignored/>
  </testcase> <!-- NewCustomer -->
</testsuite> <!-- Test4 -->
