<?xml version="1.0" encoding="UTF-8"?>
<!-- Generated by org.testng.reporters.JUnitXMLReporter -->
<testsuite ignored="0" hostname="DESKTOP-C7IQGVT" failures="0" tests="6" name="Test_Firefox(failed)" time="418.965" errors="0" timestamp="2023-03-11T23:05:50 IST">
  <testcase classname="Guru99_TestCases.TC_DeleteCustomer" name="DeleteCustomerTest" time="38.629"/>
  <testcase classname="Guru99_TestCases.TC_BalanceInquiry" name="BalanceInquiryTest" time="38.341"/>
  <testcase classname="Guru99_TestCases.TC_LoginPage" name="LoginTest" time="19.329"/>
  <testcase classname="Guru99_TestCases.TC_FundTransfer" name="FundTransferTest" time="54.389"/>
  <testcase classname="Guru99_TestCases.TC_NewAccount" name="NewAccountTest" time="20.082"/>
  <testcase classname="Guru99_TestCases.TC_Withdrawal" name="WithdrawalTest" time="40.491"/>
</testsuite> <!-- Test_Firefox(failed) -->
