<?xml version="1.0" encoding="UTF-8"?>
<testng-results ignored="0" total="1" passed="1" failed="0" skipped="0">
  <reporter-output>
  </reporter-output>
  <suite started-at="2023-03-11T23:13:06 IST" name="Failed suite [Failed suite [Failed suite [Failed suite [Suite]]]]" finished-at="2023-03-11T23:14:07 IST" duration-ms="61421">
    <groups>
    </groups>
    <test started-at="2023-03-11T23:13:06 IST" name="Test_Edge(failed)(failed)(failed)(failed)" finished-at="2023-03-11T23:14:07 IST" duration-ms="61421">
      <class name="Guru99_TestCases.TC_NewCustomer">
        <test-method is-config="true" signature="initialize(java.lang.String)[pri:0, instance:Guru99_TestCases.TC_NewCustomer@58d75e99]" started-at="2023-03-11T23:13:06 IST" name="initialize" finished-at="2023-03-11T23:13:26 IST" duration-ms="20096" status="PASS">
          <params>
            <param index="0">
              <value>
                <![CDATA[edge]]>
              </value>
            </param>
          </params>
          <reporter-output>
          </reporter-output>
        </test-method> <!-- initialize -->
        <test-method signature="NewCustomerTest()[pri:0, instance:Guru99_TestCases.TC_NewCustomer@58d75e99]" started-at="2023-03-11T23:13:26 IST" name="NewCustomerTest" finished-at="2023-03-11T23:14:02 IST" duration-ms="35476" status="PASS">
          <reporter-output>
          </reporter-output>
        </test-method> <!-- NewCustomerTest -->
        <test-method is-config="true" signature="shutdown()[pri:0, instance:Guru99_TestCases.TC_NewCustomer@58d75e99]" started-at="2023-03-11T23:14:02 IST" name="shutdown" finished-at="2023-03-11T23:14:07 IST" duration-ms="5646" status="PASS">
          <reporter-output>
          </reporter-output>
        </test-method> <!-- shutdown -->
      </class> <!-- Guru99_TestCases.TC_NewCustomer -->
    </test> <!-- Test_Edge(failed)(failed)(failed)(failed) -->
  </suite> <!-- Failed suite [Failed suite [Failed suite [Failed suite [Suite]]]] -->
</testng-results>
