<?xml version="1.0" encoding="UTF-8"?>
<testng-results ignored="0" total="1" passed="1" failed="0" skipped="0">
  <reporter-output>
  </reporter-output>
  <suite started-at="2023-02-16T01:10:21 IST" name="Default suite" finished-at="2023-02-16T01:10:34 IST" duration-ms="13725">
    <groups>
    </groups>
    <test started-at="2023-02-16T01:10:21 IST" name="Default test" finished-at="2023-02-16T01:10:34 IST" duration-ms="13725">
      <class name="Autocodes.HTTPRequests">
        <test-method signature="getUsers()[pri:1, instance:Autocodes.HTTPRequests@53976f5c]" started-at="2023-02-16T01:10:21 IST" name="getUsers" finished-at="2023-02-16T01:10:34 IST" duration-ms="13514" status="PASS">
          <reporter-output>
          </reporter-output>
        </test-method> <!-- getUsers -->
      </class> <!-- Autocodes.HTTPRequests -->
    </test> <!-- Default test -->
  </suite> <!-- Default suite -->
</testng-results>
