<?xml version="1.0" encoding="UTF-8"?>
<!-- Generated by org.testng.reporters.JUnitXMLReporter -->
<testsuite ignored="1" hostname="DESKTOP-C7IQGVT" failures="0" tests="1" name="Test(failed)(failed)(failed)" time="42.294" errors="0" timestamp="2023-03-06T10:45:08 IST">
  <testcase classname="Failed_XML.assertFalse" name="NewAccount" time="20.593"/>
  <testcase classname="Failed_XML.assertFalse" name="NewCustomer" time="0.0">
    <ignored/>
  </testcase> <!-- NewCustomer -->
</testsuite> <!-- Test(failed)(failed)(failed) -->
